<?xml version="1.0" encoding="UTF-8"?>
<testng-results ignored="0" total="1" passed="1" failed="0" skipped="0">
  <reporter-output>
    <line>
      <![CDATA[Launching... http://opencart.abstracta.us/index.php?route=common/home]]>
    </line>
    <line>
      <![CDATA[Try acces Menu Software]]>
    </line>
    <line>
      <![CDATA[Try acces Home]]>
    </line>
  </reporter-output>
  <suite started-at="2023-02-25T19:18:30Z" name="Default suite" finished-at="2023-02-25T19:18:40Z" duration-ms="10191">
    <groups>
    </groups>
    <test started-at="2023-02-25T19:18:30Z" name="Default test" finished-at="2023-02-25T19:18:40Z" duration-ms="10191">
      <class name="com.ActividadSelenium.TesCaseStore">
        <test-method is-config="true" signature="beforeTest()[pri:0, instance:com.ActividadSelenium.TesCaseStore@74a6f9c1]" started-at="2023-02-25T19:18:30Z" name="beforeTest" finished-at="2023-02-25T19:18:32Z" duration-ms="1957" status="PASS">
          <reporter-output>
          </reporter-output>
        </test-method> <!-- beforeTest -->
        <test-method signature="f()[pri:0, instance:com.ActividadSelenium.TesCaseStore@74a6f9c1]" started-at="2023-02-25T19:18:32Z" name="f" finished-at="2023-02-25T19:18:39Z" duration-ms="7260" status="PASS">
          <reporter-output>
            <line>
              <![CDATA[Launching... http://opencart.abstracta.us/index.php?route=common/home]]>
            </line>
            <line>
              <![CDATA[Try acces Menu Software]]>
            </line>
            <line>
              <![CDATA[Try acces Home]]>
            </line>
          </reporter-output>
        </test-method> <!-- f -->
        <test-method is-config="true" signature="afterTest()[pri:0, instance:com.ActividadSelenium.TesCaseStore@74a6f9c1]" started-at="2023-02-25T19:18:39Z" name="afterTest" finished-at="2023-02-25T19:18:40Z" duration-ms="949" status="PASS">
          <reporter-output>
          </reporter-output>
        </test-method> <!-- afterTest -->
      </class> <!-- com.ActividadSelenium.TesCaseStore -->
    </test> <!-- Default test -->
  </suite> <!-- Default suite -->
</testng-results>
